{"/Users/timclaason/Repos/sandbox/appointments-api/appointments-api/src/lookup/patient-lookup.ts": {"path":"/Users/timclaason/Repos/sandbox/appointments-api/appointments-api/src/lookup/patient-lookup.ts","statementMap":{"0":{"start":{"line":2,"column":0},"end":{"line":2,"column":62}},"1":{"start":{"line":3,"column":0},"end":{"line":3,"column":34}},"2":{"start":{"line":4,"column":16},"end":{"line":4,"column":32}},"3":{"start":{"line":13,"column":25},"end":{"line":97,"column":1}},"4":{"start":{"line":24,"column":31},"end":{"line":41,"column":5}},"5":{"start":{"line":25,"column":8},"end":{"line":40,"column":11}},"6":{"start":{"line":26,"column":12},"end":{"line":39,"column":15}},"7":{"start":{"line":27,"column":16},"end":{"line":38,"column":17}},"8":{"start":{"line":28,"column":20},"end":{"line":28,"column":34}},"9":{"start":{"line":31,"column":36},"end":{"line":31,"column":43}},"10":{"start":{"line":32,"column":20},"end":{"line":37,"column":21}},"11":{"start":{"line":33,"column":24},"end":{"line":33,"column":41}},"12":{"start":{"line":36,"column":24},"end":{"line":36,"column":38}},"13":{"start":{"line":49,"column":41},"end":{"line":55,"column":5}},"14":{"start":{"line":50,"column":8},"end":{"line":54,"column":11}},"15":{"start":{"line":51,"column":12},"end":{"line":53,"column":15}},"16":{"start":{"line":52,"column":16},"end":{"line":52,"column":46}},"17":{"start":{"line":63,"column":48},"end":{"line":76,"column":5}},"18":{"start":{"line":64,"column":23},"end":{"line":68,"column":10}},"19":{"start":{"line":65,"column":12},"end":{"line":67,"column":15}},"20":{"start":{"line":66,"column":16},"end":{"line":66,"column":41}},"21":{"start":{"line":69,"column":30},"end":{"line":69,"column":42}},"22":{"start":{"line":70,"column":8},"end":{"line":75,"column":80}},"23":{"start":{"line":71,"column":36},"end":{"line":71,"column":63}},"24":{"start":{"line":72,"column":12},"end":{"line":72,"column":135}},"25":{"start":{"line":73,"column":12},"end":{"line":74,"column":25}},"26":{"start":{"line":74,"column":16},"end":{"line":74,"column":25}},"27":{"start":{"line":75,"column":23},"end":{"line":75,"column":73}},"28":{"start":{"line":84,"column":35},"end":{"line":90,"column":5}},"29":{"start":{"line":85,"column":8},"end":{"line":89,"column":11}},"30":{"start":{"line":86,"column":12},"end":{"line":88,"column":15}},"31":{"start":{"line":87,"column":16},"end":{"line":87,"column":41}},"32":{"start":{"line":91,"column":4},"end":{"line":96,"column":6}},"33":{"start":{"line":98,"column":0},"end":{"line":98,"column":44}}},"fnMap":{"0":{"name":"(anonymous_0)","decl":{"start":{"line":13,"column":25},"end":{"line":13,"column":26}},"loc":{"start":{"line":13,"column":42},"end":{"line":97,"column":1}},"line":13},"1":{"name":"(anonymous_1)","decl":{"start":{"line":24,"column":31},"end":{"line":24,"column":32}},"loc":{"start":{"line":24,"column":75},"end":{"line":41,"column":5}},"line":24},"2":{"name":"(anonymous_2)","decl":{"start":{"line":25,"column":27},"end":{"line":25,"column":28}},"loc":{"start":{"line":25,"column":40},"end":{"line":40,"column":9}},"line":25},"3":{"name":"(anonymous_3)","decl":{"start":{"line":26,"column":72},"end":{"line":26,"column":73}},"loc":{"start":{"line":26,"column":87},"end":{"line":39,"column":13}},"line":26},"4":{"name":"(anonymous_4)","decl":{"start":{"line":49,"column":41},"end":{"line":49,"column":42}},"loc":{"start":{"line":49,"column":60},"end":{"line":55,"column":5}},"line":49},"5":{"name":"(anonymous_5)","decl":{"start":{"line":50,"column":27},"end":{"line":50,"column":28}},"loc":{"start":{"line":50,"column":40},"end":{"line":54,"column":9}},"line":50},"6":{"name":"(anonymous_6)","decl":{"start":{"line":51,"column":76},"end":{"line":51,"column":77}},"loc":{"start":{"line":51,"column":91},"end":{"line":53,"column":13}},"line":51},"7":{"name":"(anonymous_7)","decl":{"start":{"line":63,"column":48},"end":{"line":63,"column":49}},"loc":{"start":{"line":63,"column":78},"end":{"line":76,"column":5}},"line":63},"8":{"name":"(anonymous_8)","decl":{"start":{"line":64,"column":35},"end":{"line":64,"column":36}},"loc":{"start":{"line":64,"column":48},"end":{"line":68,"column":9}},"line":64},"9":{"name":"(anonymous_9)","decl":{"start":{"line":65,"column":49},"end":{"line":65,"column":50}},"loc":{"start":{"line":65,"column":64},"end":{"line":67,"column":13}},"line":65},"10":{"name":"(anonymous_10)","decl":{"start":{"line":70,"column":64},"end":{"line":70,"column":65}},"loc":{"start":{"line":70,"column":69},"end":{"line":75,"column":9}},"line":70},"11":{"name":"(anonymous_11)","decl":{"start":{"line":75,"column":18},"end":{"line":75,"column":19}},"loc":{"start":{"line":75,"column":23},"end":{"line":75,"column":73}},"line":75},"12":{"name":"(anonymous_12)","decl":{"start":{"line":84,"column":35},"end":{"line":84,"column":36}},"loc":{"start":{"line":84,"column":60},"end":{"line":90,"column":5}},"line":84},"13":{"name":"(anonymous_13)","decl":{"start":{"line":85,"column":27},"end":{"line":85,"column":28}},"loc":{"start":{"line":85,"column":40},"end":{"line":89,"column":9}},"line":85},"14":{"name":"(anonymous_14)","decl":{"start":{"line":86,"column":76},"end":{"line":86,"column":77}},"loc":{"start":{"line":86,"column":91},"end":{"line":88,"column":13}},"line":86}},"branchMap":{"0":{"loc":{"start":{"line":27,"column":16},"end":{"line":38,"column":17}},"type":"if","locations":[{"start":{"line":27,"column":16},"end":{"line":38,"column":17}},{"start":{"line":30,"column":21},"end":{"line":38,"column":17}}],"line":27},"1":{"loc":{"start":{"line":27,"column":20},"end":{"line":27,"column":81}},"type":"binary-expr","locations":[{"start":{"line":27,"column":20},"end":{"line":27,"column":23}},{"start":{"line":27,"column":27},"end":{"line":27,"column":51}},{"start":{"line":27,"column":55},"end":{"line":27,"column":81}}],"line":27},"2":{"loc":{"start":{"line":32,"column":20},"end":{"line":37,"column":21}},"type":"if","locations":[{"start":{"line":32,"column":20},"end":{"line":37,"column":21}},{"start":{"line":35,"column":25},"end":{"line":37,"column":21}}],"line":32},"3":{"loc":{"start":{"line":32,"column":24},"end":{"line":32,"column":200}},"type":"binary-expr","locations":[{"start":{"line":32,"column":24},"end":{"line":32,"column":110}},{"start":{"line":32,"column":114},"end":{"line":32,"column":200}}],"line":32},"4":{"loc":{"start":{"line":52,"column":24},"end":{"line":52,"column":44}},"type":"cond-expr","locations":[{"start":{"line":52,"column":30},"end":{"line":52,"column":34}},{"start":{"line":52,"column":37},"end":{"line":52,"column":44}}],"line":52},"5":{"loc":{"start":{"line":66,"column":24},"end":{"line":66,"column":39}},"type":"cond-expr","locations":[{"start":{"line":66,"column":30},"end":{"line":66,"column":32}},{"start":{"line":66,"column":35},"end":{"line":66,"column":39}}],"line":66},"6":{"loc":{"start":{"line":70,"column":15},"end":{"line":75,"column":79}},"type":"cond-expr","locations":[{"start":{"line":70,"column":46},"end":{"line":75,"column":74}},{"start":{"line":75,"column":77},"end":{"line":75,"column":79}}],"line":70},"7":{"loc":{"start":{"line":72,"column":75},"end":{"line":72,"column":133}},"type":"binary-expr","locations":[{"start":{"line":72,"column":75},"end":{"line":72,"column":103}},{"start":{"line":72,"column":107},"end":{"line":72,"column":133}}],"line":72},"8":{"loc":{"start":{"line":73,"column":12},"end":{"line":74,"column":25}},"type":"if","locations":[{"start":{"line":73,"column":12},"end":{"line":74,"column":25}},{"start":{},"end":{}}],"line":73},"9":{"loc":{"start":{"line":73,"column":16},"end":{"line":73,"column":74}},"type":"binary-expr","locations":[{"start":{"line":73,"column":16},"end":{"line":73,"column":44}},{"start":{"line":73,"column":48},"end":{"line":73,"column":74}}],"line":73},"10":{"loc":{"start":{"line":75,"column":23},"end":{"line":75,"column":73}},"type":"binary-expr","locations":[{"start":{"line":75,"column":23},"end":{"line":75,"column":45}},{"start":{"line":75,"column":49},"end":{"line":75,"column":73}}],"line":75},"11":{"loc":{"start":{"line":87,"column":24},"end":{"line":87,"column":39}},"type":"cond-expr","locations":[{"start":{"line":87,"column":30},"end":{"line":87,"column":32}},{"start":{"line":87,"column":35},"end":{"line":87,"column":39}}],"line":87}},"s":{"0":1,"1":1,"2":1,"3":1,"4":1,"5":7,"6":7,"7":7,"8":5,"9":2,"10":2,"11":1,"12":1,"13":1,"14":2,"15":2,"16":2,"17":1,"18":0,"19":0,"20":0,"21":0,"22":0,"23":0,"24":0,"25":0,"26":0,"27":0,"28":1,"29":0,"30":0,"31":0,"32":1,"33":1},"f":{"0":1,"1":7,"2":7,"3":7,"4":2,"5":2,"6":2,"7":0,"8":0,"9":0,"10":0,"11":0,"12":0,"13":0,"14":0},"b":{"0":[5,2],"1":[7,6,5],"2":[1,1],"3":[2,1],"4":[0,2],"5":[0,0],"6":[0,0],"7":[0,0],"8":[0,0],"9":[0,0],"10":[0,0],"11":[0,0]},"_coverageSchema":"1a1c01bbd47fc00a2c39e90264f33305004495a9","hash":"fbed34383dede544ef62b7b135a053c8973b9147"}
,"/Users/timclaason/Repos/sandbox/appointments-api/appointments-api/src/lookup/patient-queries.ts": {"path":"/Users/timclaason/Repos/sandbox/appointments-api/appointments-api/src/lookup/patient-queries.ts","statementMap":{"0":{"start":{"line":2,"column":0},"end":{"line":2,"column":62}},"1":{"start":{"line":3,"column":0},"end":{"line":3,"column":35}},"2":{"start":{"line":12,"column":26},"end":{"line":33,"column":1}},"3":{"start":{"line":13,"column":31},"end":{"line":15,"column":5}},"4":{"start":{"line":14,"column":8},"end":{"line":14,"column":97}},"5":{"start":{"line":16,"column":41},"end":{"line":18,"column":5}},"6":{"start":{"line":17,"column":8},"end":{"line":17,"column":148}},"7":{"start":{"line":19,"column":35},"end":{"line":23,"column":5}},"8":{"start":{"line":20,"column":22},"end":{"line":20,"column":193}},"9":{"start":{"line":21,"column":8},"end":{"line":21,"column":36}},"10":{"start":{"line":22,"column":8},"end":{"line":22,"column":21}},"11":{"start":{"line":24,"column":27},"end":{"line":26,"column":5}},"12":{"start":{"line":25,"column":8},"end":{"line":25,"column":110}},"13":{"start":{"line":27,"column":4},"end":{"line":32,"column":6}},"14":{"start":{"line":34,"column":0},"end":{"line":34,"column":46}}},"fnMap":{"0":{"name":"(anonymous_0)","decl":{"start":{"line":12,"column":26},"end":{"line":12,"column":27}},"loc":{"start":{"line":12,"column":32},"end":{"line":33,"column":1}},"line":12},"1":{"name":"(anonymous_1)","decl":{"start":{"line":13,"column":31},"end":{"line":13,"column":32}},"loc":{"start":{"line":13,"column":56},"end":{"line":15,"column":5}},"line":13},"2":{"name":"(anonymous_2)","decl":{"start":{"line":16,"column":41},"end":{"line":16,"column":42}},"loc":{"start":{"line":16,"column":60},"end":{"line":18,"column":5}},"line":16},"3":{"name":"(anonymous_3)","decl":{"start":{"line":19,"column":35},"end":{"line":19,"column":36}},"loc":{"start":{"line":19,"column":60},"end":{"line":23,"column":5}},"line":19},"4":{"name":"(anonymous_4)","decl":{"start":{"line":24,"column":27},"end":{"line":24,"column":28}},"loc":{"start":{"line":24,"column":33},"end":{"line":26,"column":5}},"line":24}},"branchMap":{},"s":{"0":1,"1":1,"2":1,"3":1,"4":1,"5":1,"6":1,"7":1,"8":1,"9":1,"10":1,"11":1,"12":1,"13":1,"14":1},"f":{"0":1,"1":1,"2":1,"3":1,"4":1},"b":{},"_coverageSchema":"1a1c01bbd47fc00a2c39e90264f33305004495a9","hash":"1f61f44bdadf47159183613014fe4b18534163bc"}
}
