TN:
SF:src/lookup/patient-lookup.ts
FN:13,(anonymous_0)
FN:24,(anonymous_1)
FN:25,(anonymous_2)
FN:26,(anonymous_3)
FN:49,(anonymous_4)
FN:50,(anonymous_5)
FN:51,(anonymous_6)
FN:63,(anonymous_7)
FN:64,(anonymous_8)
FN:65,(anonymous_9)
FN:70,(anonymous_10)
FN:75,(anonymous_11)
FN:84,(anonymous_12)
FN:85,(anonymous_13)
FN:86,(anonymous_14)
FNF:15
FNH:7
FNDA:1,(anonymous_0)
FNDA:7,(anonymous_1)
FNDA:7,(anonymous_2)
FNDA:7,(anonymous_3)
FNDA:2,(anonymous_4)
FNDA:2,(anonymous_5)
FNDA:2,(anonymous_6)
FNDA:0,(anonymous_7)
FNDA:0,(anonymous_8)
FNDA:0,(anonymous_9)
FNDA:0,(anonymous_10)
FNDA:0,(anonymous_11)
FNDA:0,(anonymous_12)
FNDA:0,(anonymous_13)
FNDA:0,(anonymous_14)
DA:2,1
DA:3,1
DA:4,1
DA:13,1
DA:24,1
DA:25,7
DA:26,7
DA:27,7
DA:28,5
DA:31,2
DA:32,2
DA:33,1
DA:36,1
DA:49,1
DA:50,2
DA:51,2
DA:52,2
DA:63,1
DA:64,0
DA:65,0
DA:66,0
DA:69,0
DA:70,0
DA:71,0
DA:72,0
DA:73,0
DA:74,0
DA:75,0
DA:84,1
DA:85,0
DA:86,0
DA:87,0
DA:91,1
DA:98,1
LF:34
LH:21
BRDA:27,0,0,5
BRDA:27,0,1,2
BRDA:27,1,0,7
BRDA:27,1,1,6
BRDA:27,1,2,5
BRDA:32,2,0,1
BRDA:32,2,1,1
BRDA:32,3,0,2
BRDA:32,3,1,1
BRDA:52,4,0,0
BRDA:52,4,1,2
BRDA:66,5,0,0
BRDA:66,5,1,0
BRDA:70,6,0,0
BRDA:70,6,1,0
BRDA:72,7,0,0
BRDA:72,7,1,0
BRDA:73,8,0,0
BRDA:73,8,1,0
BRDA:73,9,0,0
BRDA:73,9,1,0
BRDA:75,10,0,0
BRDA:75,10,1,0
BRDA:87,11,0,0
BRDA:87,11,1,0
BRF:25
BRH:10
end_of_record
TN:
SF:src/lookup/patient-queries.ts
FN:12,(anonymous_0)
FN:13,(anonymous_1)
FN:16,(anonymous_2)
FN:19,(anonymous_3)
FN:24,(anonymous_4)
FNF:5
FNH:5
FNDA:1,(anonymous_0)
FNDA:1,(anonymous_1)
FNDA:1,(anonymous_2)
FNDA:1,(anonymous_3)
FNDA:1,(anonymous_4)
DA:2,1
DA:3,1
DA:12,1
DA:13,1
DA:14,1
DA:16,1
DA:17,1
DA:19,1
DA:20,1
DA:21,1
DA:22,1
DA:24,1
DA:25,1
DA:27,1
DA:34,1
LF:15
LH:15
BRF:0
BRH:0
end_of_record
